<?xml version="1.0" encoding="UTF-8"?>
<testng-results ignored="0" total="1" passed="1" failed="0" skipped="0">
  <reporter-output>
  </reporter-output>
  <suite started-at="2024-11-25T00:41:56 PST" name="Surefire suite" finished-at="2024-11-25T00:42:33 PST" duration-ms="36798">
    <groups>
    </groups>
    <test started-at="2024-11-25T00:41:56 PST" name="Surefire test" finished-at="2024-11-25T00:42:33 PST" duration-ms="36798">
      <class name="org.newappium.tests.CountrySelectionTest">
        <test-method is-config="true" signature="setup()[pri:0, instance:org.newappium.tests.CountrySelectionTest@6ac13091]" started-at="2024-11-25T00:41:56 PST" name="setup" finished-at="2024-11-25T00:42:13 PST" duration-ms="17045" status="PASS">
          <reporter-output>
          </reporter-output>
        </test-method> <!-- setup -->
        <test-method signature="testCountrySelection()[pri:0, instance:org.newappium.tests.CountrySelectionTest@6ac13091]" started-at="2024-11-25T00:42:13 PST" name="testCountrySelection" finished-at="2024-11-25T00:42:32 PST" duration-ms="19021" status="PASS">
          <reporter-output>
          </reporter-output>
        </test-method> <!-- testCountrySelection -->
        <test-method is-config="true" signature="tearDown()[pri:0, instance:org.newappium.tests.CountrySelectionTest@6ac13091]" started-at="2024-11-25T00:42:32 PST" name="tearDown" finished-at="2024-11-25T00:42:33 PST" duration-ms="708" status="PASS">
          <reporter-output>
          </reporter-output>
        </test-method> <!-- tearDown -->
      </class> <!-- org.newappium.tests.CountrySelectionTest -->
    </test> <!-- Surefire test -->
  </suite> <!-- Surefire suite -->
</testng-results>
