<?xml version="1.0" encoding="UTF-8"?>
<testsuite xmlns:xsi="http://www.w3.org/2001/XMLSchema-instance" xsi:noNamespaceSchemaLocation="https://maven.apache.org/surefire/maven-surefire-plugin/xsd/surefire-test-report-3.0.xsd" version="3.0" name="org.newappium.tests.CountrySelectionTest" time="37.136" tests="1" errors="0" skipped="0" failures="0">
  <properties>
[...]
</properties>
  <testcase name="testCountrySelection" classname="org.newappium.tests.CountrySelectionTest" time="19.021">
    <system-out><![CDATA[Closed e-commerce app if it was open.
&amp#27;[38;5;112m[Appium]&amp#27;[0m Welcome to Appium v2.12.1
&amp#27;[38;5;112m[Appium]&amp#27;[0m Non-default server args:
&amp#27;[38;5;112m[Appium]&amp#27;[0m { address: &amp#27;[32m'127.0.0.1'&amp#27;[39m, port: &amp#27;[33m51983&amp#27;[39m }
&amp#27;[38;5;112m[Appium]&amp#27;[0m The autodetected Appium home path: /Users/cesarchr
&amp#27;[38;5;112m[Appium]&amp#27;[0m Attempting to load driver uiautomator2...
&amp#27;[38;5;112m[Appium]&amp#27;[0m Attempting to load driver chromium...
&amp#27;[38;5;112m[Appium]&amp#27;[0m Requiring driver at /Users/cesarchr/node_modules/appium-uiautomator2-driver/build/index.js
&amp#27;[38;5;112m[Appium]&amp#27;[0m Requiring driver at /Users/cesarchr/node_modules/appium-chromium-driver/index.js
&amp#27;[38;5;112m[Appium]&amp#27;[0m AndroidUiautomator2Driver has been successfully loaded in 0.427s
&amp#27;[38;5;112m[Appium]&amp#27;[0m ChromiumDriver has been successfully loaded in 1.027s
&amp#27;[38;5;112m[Appium]&amp#27;[0m Appium REST http interface listener started on http://127.0.0.1:51983
&amp#27;[38;5;112m[Appium]&amp#27;[0m Available drivers:
&amp#27;[38;5;112m[Appium]&amp#27;[0m   - uiautomator2@3.8.0 (automationName 'UiAutomator2')
&amp#27;[38;5;112m[Appium]&amp#27;[0m   - chromium@1.4.4 (automationName 'Chromium')
&amp#27;[38;5;112m[Appium]&amp#27;[0m No plugins have been installed. Use the "appium plugin" command to install the one(s) you want to use.
&amp#27;[38;5;86m[HTTP]&amp#27;[0m &amp#27;[37m-->&amp#27;[39m &amp#27;[37mGET&amp#27;[39m &amp#27;[37m/status&amp#27;[39m &amp#27;[90m{}&amp#27;[39m
&amp#27;[38;5;96m[AppiumDriver@2a6e]&amp#27;[0m Calling AppiumDriver.getStatus() with args: []
&amp#27;[38;5;96m[AppiumDriver@2a6e]&amp#27;[0m Responding to client with driver.getStatus() result: {"ready":true,"message":"The server is ready to accept new connections","build":{"version":"2.12.1"}}
&amp#27;[38;5;86m[HTTP]&amp#27;[0m &amp#27;[37m<-- GET /status &amp#27;[39m&amp#27;[32m200&amp#27;[39m &amp#27;[90m5 ms - 111&amp#27;[39m &amp#27;[90m&amp#27;[39m
&amp#27;[38;5;86m[HTTP]&amp#27;[0m Request idempotency key: 3650f995-2e18-403a-b01c-9e475b2190db
&amp#27;[38;5;86m[HTTP]&amp#27;[0m &amp#27;[37m-->&amp#27;[39m &amp#27;[37mPOST&amp#27;[39m &amp#27;[37m/session&amp#27;[39m &amp#27;[90m{"capabilities":{"firstMatch":[{"appium:noReset":true,"appium:udid":"emulator-5554","appium:deviceName":"Android Emulator","platformName":"ANDROID","appium:automationName":"UiAutomator2","appium:app":"/Users/cesarchr/Downloads/General-Store.apk","appium:platformVersion":"15"}]}}&amp#27;[39m
&amp#27;[38;5;96m[AppiumDriver@2a6e]&amp#27;[0m Calling AppiumDriver.createSession() with args: [null,null,{"firstMatch":[{"appium:noReset":true,"appium:udid":"emulator-5554","appium:deviceName":"Android Emulator","platformName":"ANDROID","appium:automationName":"UiAutomator2","appium:app":"/Users/cesarchr/Downloads/General-Store.apk","appium:platformVersion":"15"}]}]
&amp#27;[38;5;96m[AppiumDriver@2a6e]&amp#27;[0m Event 'newSessionRequested' logged at 1732466518959 (00:41:58 GMT+0800 (Philippine Standard Time))
&amp#27;[38;5;112m[Appium]&amp#27;[0m Attempting to find matching driver for automationName 'UiAutomator2' and platformName 'ANDROID'
&amp#27;[38;5;112m[Appium]&amp#27;[0m The 'uiautomator2' driver was installed and matched caps.
&amp#27;[38;5;112m[Appium]&amp#27;[0m Will require it at /Users/cesarchr/node_modules/appium-uiautomator2-driver
&amp#27;[38;5;112m[Appium]&amp#27;[0m Requiring driver at /Users/cesarchr/node_modules/appium-uiautomator2-driver/build/index.js
&amp#27;[38;5;96m[AppiumDriver@2a6e]&amp#27;[0m Appium v2.12.1 creating new AndroidUiautomator2Driver (v3.8.0) session
&amp#27;[38;5;96m[AppiumDriver@2a6e]&amp#27;[0m Checking BaseDriver versions for Appium and AndroidUiautomator2Driver
&amp#27;[38;5;96m[AppiumDriver@2a6e]&amp#27;[0m Appium's BaseDriver version is 9.12.1
&amp#27;[38;5;96m[AppiumDriver@2a6e]&amp#27;[0m AndroidUiautomator2Driver's BaseDriver version is 9.11.4
&amp#27;[38;5;-60m[AndroidUiautomator2Driver@4575]&amp#27;[0m 
&amp#27;[38;5;-60m[AndroidUiautomator2Driver@4575]&amp#27;[0m Creating session with W3C capabilities: {
  "alwaysMatch": {
    "platformName": "ANDROID",
    "appium:noReset": true,
    "appium:udid": "emulator-5554",
    "appium:deviceName": "Android Emulator",
    "appium:automationName": "UiAutomator2",
    "appium:app": "/Users/cesarchr/Downloads/General-Store.apk",
    "appium:platformVersion": "15"
  },
  "firstMatch": [
    {}
  ]
}
&amp#27;[38;5;130m[6aafd5f9]&amp#27;[0m&amp#27;[38;5;-60m[AndroidUiautomator2Driver@4575]&amp#27;[0m Session created with session id: 6aafd5f9-044e-4744-8199-fad513083936
&amp#27;[38;5;130m[6aafd5f9]&amp#27;[0m&amp#27;[38;5;229m[ADB]&amp#27;[0m Found 2 'build-tools' folders under '/Users/cesarchr/Library/Android/sdk' (newest first):
&amp#27;[38;5;130m[6aafd5f9]&amp#27;[0m&amp#27;[38;5;229m[ADB]&amp#27;[0m     /Users/cesarchr/Library/Android/sdk/build-tools/35.0.0
&amp#27;[38;5;130m[6aafd5f9]&amp#27;[0m&amp#27;[38;5;229m[ADB]&amp#27;[0m     /Users/cesarchr/Library/Android/sdk/build-tools/34.0.0
&amp#27;[38;5;130m[6aafd5f9]&amp#27;[0m&amp#27;[38;5;229m[ADB]&amp#27;[0m Using 'adb' from '/Users/cesarchr/Library/Android/sdk/platform-tools/adb'
&amp#27;[38;5;130m[6aafd5f9]&amp#27;[0m&amp#27;[38;5;229m[ADB]&amp#27;[0m Running '/Users/cesarchr/Library/Android/sdk/platform-tools/adb -P 5037 start-server'
&amp#27;[38;5;130m[6aafd5f9]&amp#27;[0m&amp#27;[38;5;-60m[AndroidUiautomator2Driver@4575]&amp#27;[0m Retrieving device list
&amp#27;[38;5;130m[6aafd5f9]&amp#27;[0m&amp#27;[38;5;229m[ADB]&amp#27;[0m Trying to find connected Android devices
&amp#27;[38;5;130m[6aafd5f9]&amp#27;[0m&amp#27;[38;5;229m[ADB]&amp#27;[0m Getting connected devices
&amp#27;[38;5;130m[6aafd5f9]&amp#27;[0m&amp#27;[38;5;229m[ADB]&amp#27;[0m Connected devices: [{"udid":"emulator-5554","state":"device"}]
&amp#27;[38;5;130m[6aafd5f9]&amp#27;[0m&amp#27;[38;5;-60m[AndroidUiautomator2Driver@4575]&amp#27;[0m Using device: emulator-5554
&amp#27;[38;5;130m[6aafd5f9]&amp#27;[0m&amp#27;[38;5;229m[ADB]&amp#27;[0m Using 'adb' from '/Users/cesarchr/Library/Android/sdk/platform-tools/adb'
&amp#27;[38;5;130m[6aafd5f9]&amp#27;[0m&amp#27;[38;5;229m[ADB]&amp#27;[0m Running '/Users/cesarchr/Library/Android/sdk/platform-tools/adb -P 5037 start-server'
&amp#27;[38;5;130m[6aafd5f9]&amp#27;[0m&amp#27;[38;5;229m[ADB]&amp#27;[0m Setting device id to emulator-5554
&amp#27;[38;5;130m[6aafd5f9]&amp#27;[0m&amp#27;[38;5;123m[BaseDriver]&amp#27;[0m Using local app '/Users/cesarchr/Downloads/General-Store.apk'
&amp#27;[38;5;130m[6aafd5f9]&amp#27;[0m&amp#27;[38;5;-60m[AndroidUiautomator2Driver@4575]&amp#27;[0m Checking whether app is actually present
&amp#27;[38;5;130m[6aafd5f9]&amp#27;[0m&amp#27;[38;5;229m[ADB]&amp#27;[0m Running '/Users/cesarchr/Library/Android/sdk/platform-tools/adb -P 5037 -s emulator-5554 shell getprop ro.build.version.sdk'
&amp#27;[38;5;130m[6aafd5f9]&amp#27;[0m&amp#27;[38;5;229m[ADB]&amp#27;[0m Current device property 'ro.build.version.sdk': 35
&amp#27;[38;5;130m[6aafd5f9]&amp#27;[0m&amp#27;[38;5;229m[ADB]&amp#27;[0m Getting device platform version
&amp#27;[38;5;130m[6aafd5f9]&amp#27;[0m&amp#27;[38;5;229m[ADB]&amp#27;[0m Running '/Users/cesarchr/Library/Android/sdk/platform-tools/adb -P 5037 -s emulator-5554 shell getprop ro.build.version.release'
&amp#27;[38;5;130m[6aafd5f9]&amp#27;[0m&amp#27;[38;5;229m[ADB]&amp#27;[0m Current device property 'ro.build.version.release': 15
&amp#27;[38;5;130m[6aafd5f9]&amp#27;[0m&amp#27;[38;5;229m[ADB]&amp#27;[0m Device API level: 35
&amp#27;[38;5;130m[6aafd5f9]&amp#27;[0m&amp#27;[38;5;-60m[AndroidUiautomator2Driver@4575]&amp#27;[0m Relaxing hidden api policy
&amp#27;[38;5;130m[6aafd5f9]&amp#27;[0m&amp#27;[38;5;229m[ADB]&amp#27;[0m Running '/Users/cesarchr/Library/Android/sdk/platform-tools/adb -P 5037 -s emulator-5554 shell 'settings put global hidden_api_policy_pre_p_apps 1;settings put global hidden_api_policy_p_apps 1;settings put global hidden_api_policy 1''
&amp#27;[38;5;130m[6aafd5f9]&amp#27;[0m&amp#27;[38;5;-60m[AndroidUiautomator2Driver@4575]&amp#27;[0m Parsing package and activity from app manifest
&amp#27;[38;5;130m[6aafd5f9]&amp#27;[0m&amp#27;[38;5;229m[ADB]&amp#27;[0m Running '/Users/cesarchr/Library/Android/sdk/platform-tools/adb -P 5037 -s emulator-5554 wait-for-device'
&amp#27;[38;5;130m[6aafd5f9]&amp#27;[0m&amp#27;[38;5;229m[ADB]&amp#27;[0m Using 'aapt2' from '/Users/cesarchr/Library/Android/sdk/build-tools/35.0.0/aapt2'
&amp#27;[38;5;130m[6aafd5f9]&amp#27;[0m&amp#27;[38;5;229m[ADB]&amp#27;[0m Reading package manifest: '/Users/cesarchr/Library/Android/sdk/build-tools/35.0.0/aapt2 dump badging /Users/cesarchr/Downloads/General-Store.apk'
&amp#27;[38;5;130m[6aafd5f9]&amp#27;[0m&amp#27;[38;5;229m[ADB]&amp#27;[0m Running '/Users/cesarchr/Library/Android/sdk/platform-tools/adb -P 5037 -s emulator-5554 shell echo ping'
&amp#27;[38;5;130m[6aafd5f9]&amp#27;[0m&amp#27;[38;5;229m[ADB]&amp#27;[0m Package name: 'com.androidsample.generalstore'
&amp#27;[38;5;130m[6aafd5f9]&amp#27;[0m&amp#27;[38;5;229m[ADB]&amp#27;[0m Main activity name: 'com.androidsample.generalstore.SplashActivity'
&amp#27;[38;5;130m[6aafd5f9]&amp#27;[0m&amp#27;[38;5;-60m[AndroidUiautomator2Driver@4575]&amp#27;[0m Parsed package and activity are: com.androidsample.generalstore/com.androidsample.generalstore.SplashActivity
&amp#27;[38;5;130m[6aafd5f9]&amp#27;[0m&amp#27;[38;5;-60m[AndroidUiautomator2Driver@4575]&amp#27;[0m Pushing settings apk to the device...
&amp#27;[38;5;130m[6aafd5f9]&amp#27;[0m&amp#27;[38;5;229m[ADB]&amp#27;[0m Getting package info for 'io.appium.settings'
&amp#27;[38;5;130m[6aafd5f9]&amp#27;[0m&amp#27;[38;5;229m[ADB]&amp#27;[0m Running '/Users/cesarchr/Library/Android/sdk/platform-tools/adb -P 5037 -s emulator-5554 shell dumpsys package io.appium.settings'
&amp#27;[38;5;130m[6aafd5f9]&amp#27;[0m&amp#27;[38;5;229m[ADB]&amp#27;[0m Reading package manifest: '/Users/cesarchr/Library/Android/sdk/build-tools/35.0.0/aapt2 dump badging /Users/cesarchr/node_modules/appium-uiautomator2-driver/node_modules/io.appium.settings/apks/settings_apk-debug.apk'
&amp#27;[38;5;130m[6aafd5f9]&amp#27;[0m&amp#27;[38;5;229m[ADB]&amp#27;[0m The version name of the installed 'io.appium.settings' is greater or equal to the application version name ('5.12.13' >= '5.12.13')
&amp#27;[38;5;130m[6aafd5f9]&amp#27;[0m&amp#27;[38;5;229m[ADB]&amp#27;[0m There is no need to install/upgrade '/Users/cesarchr/node_modules/appium-uiautomator2-driver/node_modules/io.appium.settings/apks/settings_apk-debug.apk'
&amp#27;[38;5;130m[6aafd5f9]&amp#27;[0m&amp#27;[38;5;229m[ADB]&amp#27;[0m Running '/Users/cesarchr/Library/Android/sdk/platform-tools/adb -P 5037 -s emulator-5554 shell dumpsys activity services io.appium.settings'
&amp#27;[38;5;130m[6aafd5f9]&amp#27;[0m&amp#27;[38;5;-60m[AndroidUiautomator2Driver@4575]&amp#27;[0m io.appium.settings is already running. There is no need to reset its permissions.
&amp#27;[38;5;130m[6aafd5f9]&amp#27;[0m&amp#27;[38;5;160m[Logcat]&amp#27;[0m Starting logs capture with command: /Users/cesarchr/Library/Android/sdk/platform-tools/adb -P 5037 -s emulator-5554 logcat -v threadtime
&amp#27;[38;5;130m[6aafd5f9]&amp#27;[0m&amp#27;[38;5;-60m[AndroidUiautomator2Driver@4575]&amp#27;[0m Forwarding UiAutomator2 Server port 6790 to local port 8200
&amp#27;[38;5;130m[6aafd5f9]&amp#27;[0m&amp#27;[38;5;229m[ADB]&amp#27;[0m Forwarding system: 8200 to device: 6790
&amp#27;[38;5;130m[6aafd5f9]&amp#27;[0m&amp#27;[38;5;229m[ADB]&amp#27;[0m Running '/Users/cesarchr/Library/Android/sdk/platform-tools/adb -P 5037 -s emulator-5554 forward tcp:8200 tcp:6790'
&amp#27;[38;5;130m[6aafd5f9]&amp#27;[0m&amp#27;[38;5;229m[ADB]&amp#27;[0m Getting package info for 'io.appium.uiautomator2.server'
&amp#27;[38;5;130m[6aafd5f9]&amp#27;[0m&amp#27;[38;5;229m[ADB]&amp#27;[0m Running '/Users/cesarchr/Library/Android/sdk/platform-tools/adb -P 5037 -s emulator-5554 shell dumpsys package io.appium.uiautomator2.server'
&amp#27;[38;5;130m[6aafd5f9]&amp#27;[0m&amp#27;[38;5;229m[ADB]&amp#27;[0m Getting install status for io.appium.uiautomator2.server.test
&amp#27;[38;5;130m[6aafd5f9]&amp#27;[0m&amp#27;[38;5;229m[ADB]&amp#27;[0m Getting install status for com.androidsample.generalstore
&amp#27;[38;5;130m[6aafd5f9]&amp#27;[0m&amp#27;[38;5;229m[ADB]&amp#27;[0m Running '/Users/cesarchr/Library/Android/sdk/platform-tools/adb -P 5037 -s emulator-5554 shell cmd package list packages'
&amp#27;[38;5;130m[6aafd5f9]&amp#27;[0m&amp#27;[38;5;229m[ADB]&amp#27;[0m Running '/Users/cesarchr/Library/Android/sdk/platform-tools/adb -P 5037 -s emulator-5554 shell cmd package list packages'
&amp#27;[38;5;130m[6aafd5f9]&amp#27;[0m&amp#27;[38;5;229m[ADB]&amp#27;[0m Reading package manifest: '/Users/cesarchr/Library/Android/sdk/build-tools/35.0.0/aapt2 dump badging /Users/cesarchr/node_modules/appium-uiautomator2-driver/node_modules/appium-uiautomator2-server/apks/appium-uiautomator2-server-v7.0.25.apk'
&amp#27;[38;5;130m[6aafd5f9]&amp#27;[0m&amp#27;[38;5;229m[ADB]&amp#27;[0m 'com.androidsample.generalstore' is installed
&amp#27;[38;5;130m[6aafd5f9]&amp#27;[0m&amp#27;[38;5;-60m[AndroidUiautomator2Driver@4575]&amp#27;[0m noReset has been requested and the app is already installed. Doing nothing
&amp#27;[38;5;130m[6aafd5f9]&amp#27;[0m&amp#27;[38;5;229m[ADB]&amp#27;[0m The version name of the installed 'io.appium.uiautomator2.server' is greater or equal to the application version name ('7.0.25' >= '7.0.25')
&amp#27;[38;5;130m[6aafd5f9]&amp#27;[0m&amp#27;[38;5;229m[ADB]&amp#27;[0m 'io.appium.uiautomator2.server.test' is installed
&amp#27;[38;5;130m[6aafd5f9]&amp#27;[0m&amp#27;[38;5;-60m[AndroidUiautomator2Driver@4575]&amp#27;[0m Server packages status: [{"installState":"sameVersionInstalled","appPath":"/Users/cesarchr/node_modules/appium-uiautomator2-driver/node_modules/appium-uiautomator2-server/apks/appium-uiautomator2-server-v7.0.25.apk","appId":"io.appium.uiautomator2.server"},{"installState":"sameVersionInstalled","appPath":"/Users/cesarchr/node_modules/appium-uiautomator2-driver/node_modules/appium-uiautomator2-server/apks/appium-uiautomator2-server-debug-androidTest.apk","appId":"io.appium.uiautomator2.server.test"}]
&amp#27;[38;5;130m[6aafd5f9]&amp#27;[0m&amp#27;[38;5;-60m[AndroidUiautomator2Driver@4575]&amp#27;[0m Server packages are not going to be (re)installed
&amp#27;[38;5;130m[6aafd5f9]&amp#27;[0m&amp#27;[38;5;-60m[AndroidUiautomator2Driver@4575]&amp#27;[0m Waiting up to 30000ms for services to be available
&amp#27;[38;5;130m[6aafd5f9]&amp#27;[0m&amp#27;[38;5;229m[ADB]&amp#27;[0m Running '/Users/cesarchr/Library/Android/sdk/platform-tools/adb -P 5037 -s emulator-5554 shell pm list instrumentation'
&amp#27;[38;5;130m[6aafd5f9]&amp#27;[0m&amp#27;[38;5;-60m[AndroidUiautomator2Driver@4575]&amp#27;[0m Instrumentation target 'io.appium.uiautomator2.server.test/androidx.test.runner.AndroidJUnitRunner' is available
&amp#27;[38;5;130m[6aafd5f9]&amp#27;[0m&amp#27;[38;5;229m[ADB]&amp#27;[0m Adding packages ["io.appium.settings","io.appium.uiautomator2.server","io.appium.uiautomator2.server.test"] to Doze whitelist
&amp#27;[38;5;130m[6aafd5f9]&amp#27;[0m&amp#27;[38;5;229m[ADB]&amp#27;[0m Got the following command chunks to execute: [["dumpsys","deviceidle","whitelist","+io.appium.settings",";","dumpsys","deviceidle","whitelist","+io.appium.uiautomator2.server",";","dumpsys","deviceidle","whitelist","+io.appium.uiautomator2.server.test",";"]]
&amp#27;[38;5;130m[6aafd5f9]&amp#27;[0m&amp#27;[38;5;229m[ADB]&amp#27;[0m Running '/Users/cesarchr/Library/Android/sdk/platform-tools/adb -P 5037 -s emulator-5554 shell dumpsys deviceidle whitelist +io.appium.settings ; dumpsys deviceidle whitelist +io.appium.uiautomator2.server ; dumpsys deviceidle whitelist +io.appium.uiautomator2.server.test ;'
&amp#27;[38;5;130m[6aafd5f9]&amp#27;[0m&amp#27;[38;5;-60m[AndroidUiautomator2Driver@4575]&amp#27;[0m Performing shallow cleanup of automation leftovers
&amp#27;[38;5;130m[6aafd5f9]&amp#27;[0m&amp#27;[38;5;-60m[AndroidUiautomator2Driver@4575]&amp#27;[0m No obsolete sessions have been detected (socket hang up)
&amp#27;[38;5;130m[6aafd5f9]&amp#27;[0m&amp#27;[38;5;229m[ADB]&amp#27;[0m Running '/Users/cesarchr/Library/Android/sdk/platform-tools/adb -P 5037 -s emulator-5554 shell am force-stop io.appium.uiautomator2.server'
&amp#27;[38;5;130m[6aafd5f9]&amp#27;[0m&amp#27;[38;5;229m[ADB]&amp#27;[0m Running '/Users/cesarchr/Library/Android/sdk/platform-tools/adb -P 5037 -s emulator-5554 shell am force-stop io.appium.uiautomator2.server.test'
&amp#27;[38;5;130m[6aafd5f9]&amp#27;[0m&amp#27;[38;5;-60m[AndroidUiautomator2Driver@4575]&amp#27;[0m Starting UIAutomator2 server 7.0.25
&amp#27;[38;5;130m[6aafd5f9]&amp#27;[0m&amp#27;[38;5;-60m[AndroidUiautomator2Driver@4575]&amp#27;[0m Using UIAutomator2 server from '/Users/cesarchr/node_modules/appium-uiautomator2-driver/node_modules/appium-uiautomator2-server/apks/appium-uiautomator2-server-v7.0.25.apk' and test from '/Users/cesarchr/node_modules/appium-uiautomator2-driver/node_modules/appium-uiautomator2-server/apks/appium-uiautomator2-server-debug-androidTest.apk'
&amp#27;[38;5;130m[6aafd5f9]&amp#27;[0m&amp#27;[38;5;-60m[AndroidUiautomator2Driver@4575]&amp#27;[0m Waiting up to 30000ms for UiAutomator2 to be online...
&amp#27;[38;5;130m[6aafd5f9]&amp#27;[0m&amp#27;[38;5;229m[ADB]&amp#27;[0m Creating ADB subprocess with args: ["-P","5037","-s","emulator-5554","shell","am","instrument","-w","-e","disableAnalytics","true","io.appium.uiautomator2.server.test/androidx.test.runner.AndroidJUnitRunner"]
&amp#27;[38;5;130m[6aafd5f9]&amp#27;[0m&amp#27;[38;5;-60m[AndroidUiautomator2Driver@4575]&amp#27;[0m Matched '/status' to command name 'getStatus'
&amp#27;[38;5;130m[6aafd5f9]&amp#27;[0m&amp#27;[38;5;-60m[AndroidUiautomator2Driver@4575]&amp#27;[0m Proxying [GET /status] to [GET http://127.0.0.1:8200/status] with no body
&amp#27;[38;5;130m[6aafd5f9]&amp#27;[0m&amp#27;[38;5;-60m[AndroidUiautomator2Driver@4575]&amp#27;[0m socket hang up
&amp#27;[38;5;130m[6aafd5f9]&amp#27;[0m&amp#27;[38;5;-60m[AndroidUiautomator2Driver@4575]&amp#27;[0m Matched '/status' to command name 'getStatus'
&amp#27;[38;5;130m[6aafd5f9]&amp#27;[0m&amp#27;[38;5;-60m[AndroidUiautomator2Driver@4575]&amp#27;[0m Proxying [GET /status] to [GET http://127.0.0.1:8200/status] with no body
&amp#27;[38;5;130m[6aafd5f9]&amp#27;[0m&amp#27;[38;5;-60m[AndroidUiautomator2Driver@4575]&amp#27;[0m socket hang up
&amp#27;[38;5;130m[6aafd5f9]&amp#27;[0m&amp#27;[38;5;-60m[AndroidUiautomator2Driver@4575]&amp#27;[0m Matched '/status' to command name 'getStatus'
&amp#27;[38;5;130m[6aafd5f9]&amp#27;[0m&amp#27;[38;5;-60m[AndroidUiautomator2Driver@4575]&amp#27;[0m Proxying [GET /status] to [GET http://127.0.0.1:8200/status] with no body
&amp#27;[38;5;130m[6aafd5f9]&amp#27;[0m&amp#27;[38;5;-60m[AndroidUiautomator2Driver@4575]&amp#27;[0m socket hang up
&amp#27;[38;5;130m[6aafd5f9]&amp#27;[0m&amp#27;[38;5;-60m[AndroidUiautomator2Driver@4575]&amp#27;[0m Matched '/status' to command name 'getStatus'
&amp#27;[38;5;130m[6aafd5f9]&amp#27;[0m&amp#27;[38;5;-60m[AndroidUiautomator2Driver@4575]&amp#27;[0m Proxying [GET /status] to [GET http://127.0.0.1:8200/status] with no body
&amp#27;[38;5;130m[6aafd5f9]&amp#27;[0m&amp#27;[38;5;-60m[AndroidUiautomator2Driver@4575]&amp#27;[0m socket hang up
&amp#27;[38;5;130m[6aafd5f9]&amp#27;[0m&amp#27;[38;5;-60m[AndroidUiautomator2Driver@4575]&amp#27;[0m [Instrumentation] 
&amp#27;[38;5;130m[6aafd5f9]&amp#27;[0m&amp#27;[38;5;-60m[AndroidUiautomator2Driver@4575]&amp#27;[0m Matched '/status' to command name 'getStatus'
&amp#27;[38;5;130m[6aafd5f9]&amp#27;[0m&amp#27;[38;5;-60m[AndroidUiautomator2Driver@4575]&amp#27;[0m Proxying [GET /status] to [GET http://127.0.0.1:8200/status] with no body
&amp#27;[38;5;130m[6aafd5f9]&amp#27;[0m&amp#27;[38;5;-60m[AndroidUiautomator2Driver@4575]&amp#27;[0m socket hang up
&amp#27;[38;5;130m[6aafd5f9]&amp#27;[0m&amp#27;[38;5;-60m[AndroidUiautomator2Driver@4575]&amp#27;[0m Matched '/status' to command name 'getStatus'
&amp#27;[38;5;130m[6aafd5f9]&amp#27;[0m&amp#27;[38;5;-60m[AndroidUiautomator2Driver@4575]&amp#27;[0m Proxying [GET /status] to [GET http://127.0.0.1:8200/status] with no body
&amp#27;[38;5;130m[6aafd5f9]&amp#27;[0m&amp#27;[38;5;-60m[AndroidUiautomator2Driver@4575]&amp#27;[0m socket hang up
&amp#27;[38;5;130m[6aafd5f9]&amp#27;[0m&amp#27;[38;5;-60m[AndroidUiautomator2Driver@4575]&amp#27;[0m Matched '/status' to command name 'getStatus'
&amp#27;[38;5;130m[6aafd5f9]&amp#27;[0m&amp#27;[38;5;-60m[AndroidUiautomator2Driver@4575]&amp#27;[0m Proxying [GET /status] to [GET http://127.0.0.1:8200/status] with no body
&amp#27;[38;5;130m[6aafd5f9]&amp#27;[0m&amp#27;[38;5;-60m[AndroidUiautomator2Driver@4575]&amp#27;[0m Got response with status 200: {"sessionId":"None","value":{"message":"UiAutomator2 Server is ready to accept commands","ready":true}}
&amp#27;[38;5;130m[6aafd5f9]&amp#27;[0m&amp#27;[38;5;-60m[AndroidUiautomator2Driver@4575]&amp#27;[0m The initialization of the instrumentation process took 6138ms
&amp#27;[38;5;130m[6aafd5f9]&amp#27;[0m&amp#27;[38;5;-60m[AndroidUiautomator2Driver@4575]&amp#27;[0m Matched '/session' to command name 'createSession'
&amp#27;[38;5;130m[6aafd5f9]&amp#27;[0m&amp#27;[38;5;-60m[AndroidUiautomator2Driver@4575]&amp#27;[0m Proxying [POST /session] to [POST http://127.0.0.1:8200/session] with body: {"capabilities":{"firstMatch":[{"platformName":"ANDROID","noReset":true,"udid":"emulator-5554","deviceName":"emulator-5554","automationName":"UiAutomator2","app":"/Users/cesarchr/Downloads/General-Store.apk","platformVersion":"15","platform":"LINUX","webStorageEnabled":false,"takesScreenshot":true,"javascriptEnabled":true,"databaseEnabled":false,"networkConnectionEnabled":true,"locationContextEnabled":false,"warnings":{},"desired":{"platformName":"ANDROID","noReset":true,"udid":"emulator-5554","deviceName":"Android Emulator","automationName":"UiAutomator2","app":"/Users/cesarchr/Downloads/General-Store.apk","platformVersion":"15"},"deviceUDID":"emulator-5554","appPackage":"com.androidsample.generalstore"}],"alwaysMatch":{}}}
&amp#27;[38;5;130m[6aafd5f9]&amp#27;[0m&amp#27;[38;5;-60m[AndroidUiautomator2Driver@4575]&amp#27;[0m Got response with status 200: {"sessionId":"f939544d-e72e-41e3-b41c-6d8018167148","value":{"capabilities":{"firstMatch":[{"platformName":"ANDROID","noReset":true,"udid":"emulator-5554","deviceName":"emulator-5554","automationName":"UiAutomator2","app":"/Users/cesarchr/Downloads/General-Store.apk","platformVersion":"15","platform":"LINUX","webStorageEnabled":false,"takesScreenshot":true,"javascriptEnabled":true,"databaseEnabled":false,"networkConnectionEnabled":true,"locationContextEnabled":false,"warnings":{},"desired":{"platformName":"ANDROID","noReset":true,"udid":"emulator-5554","deviceName":"Android Emulator","automationName":"UiAutomator2","app":"/Users/cesarchr/Downloads/General-Store.apk","platformVersion":"15"},"deviceUDID":"emulator-5554","appPackage":"com.androidsample.generalstore"}],"alwaysMatch":{}},"sessionId":"f939544d-e72e-41e3-b41c-6d8018167148"}}
&amp#27;[38;5;130m[6aafd5f9]&amp#27;[0m&amp#27;[38;5;-60m[AndroidUiautomator2Driver@4575]&amp#27;[0m Determined the downstream protocol as 'W3C'
&amp#27;[38;5;130m[6aafd5f9]&amp#27;[0m&amp#27;[38;5;-60m[AndroidUiautomator2Driver@4575]&amp#27;[0m Proxying [GET /appium/device/pixel_ratio] to [GET http://127.0.0.1:8200/session/f939544d-e72e-41e3-b41c-6d8018167148/appium/device/pixel_ratio] with no body
&amp#27;[38;5;130m[6aafd5f9]&amp#27;[0m&amp#27;[38;5;-60m[AndroidUiautomator2Driver@4575]&amp#27;[0m Matched '/appium/device/system_bars' to command name 'getSystemBars'
&amp#27;[38;5;130m[6aafd5f9]&amp#27;[0m&amp#27;[38;5;-60m[AndroidUiautomator2Driver@4575]&amp#27;[0m Proxying [GET /appium/device/system_bars] to [GET http://127.0.0.1:8200/session/f939544d-e72e-41e3-b41c-6d8018167148/appium/device/system_bars] with no body
&amp#27;[38;5;130m[6aafd5f9]&amp#27;[0m&amp#27;[38;5;-60m[AndroidUiautomator2Driver@4575]&amp#27;[0m Matched '/window/current/size' to command name 'getWindowSize'
&amp#27;[38;5;130m[6aafd5f9]&amp#27;[0m&amp#27;[38;5;-60m[AndroidUiautomator2Driver@4575]&amp#27;[0m Proxying [GET /window/current/size] to [GET http://127.0.0.1:8200/session/f939544d-e72e-41e3-b41c-6d8018167148/window/current/size] with no body
&amp#27;[38;5;130m[6aafd5f9]&amp#27;[0m&amp#27;[38;5;-60m[AndroidUiautomator2Driver@4575]&amp#27;[0m Proxying [GET /appium/device/info] to [GET http://127.0.0.1:8200/session/f939544d-e72e-41e3-b41c-6d8018167148/appium/device/info] with no body
&amp#27;[38;5;130m[6aafd5f9]&amp#27;[0m&amp#27;[38;5;229m[ADB]&amp#27;[0m Running '/Users/cesarchr/Library/Android/sdk/platform-tools/adb -P 5037 -s emulator-5554 shell dumpsys window'
&amp#27;[38;5;130m[6aafd5f9]&amp#27;[0m&amp#27;[38;5;229m[ADB]&amp#27;[0m Running '/Users/cesarchr/Library/Android/sdk/platform-tools/adb -P 5037 -s emulator-5554 shell dumpsys power'
&amp#27;[38;5;130m[6aafd5f9]&amp#27;[0m&amp#27;[38;5;-60m[AndroidUiautomator2Driver@4575]&amp#27;[0m Got response with status 200: {"sessionId":"f939544d-e72e-41e3-b41c-6d8018167148","value":2.625}
&amp#27;[38;5;130m[6aafd5f9]&amp#27;[0m&amp#27;[38;5;-60m[AndroidUiautomator2Driver@4575]&amp#27;[0m Got response with status 200: {"sessionId":"f939544d-e72e-41e3-b41c-6d8018167148","value":{"statusBar":137}}
&amp#27;[38;5;130m[6aafd5f9]&amp#27;[0m&amp#27;[38;5;-60m[AndroidUiautomator2Driver@4575]&amp#27;[0m Got response with status 200: {"sessionId":"f939544d-e72e-41e3-b41c-6d8018167148","value":{"height":2424,"width":1080}}
&amp#27;[38;5;130m[6aafd5f9]&amp#27;[0m&amp#27;[38;5;-60m[AndroidUiautomator2Driver@4575]&amp#27;[0m Got response with status 200: {"sessionId":"f939544d-e72e-41e3-b41c-6d8018167148","value":{"androidId":"1fb6d2ca54a4fcbe","apiVersion":"35","bluetooth":{"state":"OFF"},"brand":"google","carrierName":"T-Mobile","displayDensity":420,"locale":"en_US","manufacturer":"Google","model":"sdk_gphone64_x86_64","networks":[{"capabilities":{"SSID":null,"linkDownBandwidthKbps":30000,"linkUpstreamBandwidthKbps":15000,"networkCapabilities":"NET_CAPABILITY_MMS,NET_CAPABILITY_SUPL,NET_CAPABILITY_IA,NET_CAPABILITY_XCAP,NET_CAPABILITY_INTERNET,NET_CAPABILITY_NOT_RESTRICTED,NET_CAPABILITY_TRUSTED,NET_CAPABILITY_NOT_VPN,NET_CAPABILITY_VALIDATED,NET_CAPABILITY_NOT_ROAMING,NET_CAPABILITY_NOT_CONGESTED,NET_CAPABILITY_NOT_SUSPENDED","signalStrength":-2147483648,"transportTypes":"TRANSPORT_CELLULAR"},"detailedState":"CONNECTED","extraInfo":"fast.t-mobile.com","isAvailable":true,"isConnected":true,"isFailover":false,"isRoaming":false,"state":"CONNECTED","subtype":10,"subtypeName":"HSPA","type":0,"typeName":"MOBILE"},{"capabilities":{"SSID":null,"linkDownBandwidt...
&amp#27;[38;5;130m[6aafd5f9]&amp#27;[0m&amp#27;[38;5;-60m[AndroidUiautomator2Driver@4575]&amp#27;[0m Screen already unlocked, doing nothing
&amp#27;[38;5;130m[6aafd5f9]&amp#27;[0m&amp#27;[38;5;-60m[AndroidUiautomator2Driver@4575]&amp#27;[0m Starting 'com.androidsample.generalstore/com.androidsample.generalstore.SplashActivity and waiting for 'com.androidsample.generalstore/com.androidsample.generalstore.SplashActivity'
&amp#27;[38;5;130m[6aafd5f9]&amp#27;[0m&amp#27;[38;5;229m[ADB]&amp#27;[0m Getting IDs of all 'com.androidsample.generalstore' processes
&amp#27;[38;5;130m[6aafd5f9]&amp#27;[0m&amp#27;[38;5;229m[ADB]&amp#27;[0m Running '/Users/cesarchr/Library/Android/sdk/platform-tools/adb -P 5037 -s emulator-5554 shell 'pgrep --help; echo $?''
&amp#27;[38;5;130m[6aafd5f9]&amp#27;[0m&amp#27;[38;5;229m[ADB]&amp#27;[0m Running '/Users/cesarchr/Library/Android/sdk/platform-tools/adb -P 5037 -s emulator-5554 shell pgrep -f \(\[\[:blank:\]\]\|\^\)com\.androidsample\.generalstore\(\[\[:blank:\]\]\|\$\)'
&amp#27;[38;5;130m[6aafd5f9]&amp#27;[0m&amp#27;[38;5;229m[ADB]&amp#27;[0m Running '/Users/cesarchr/Library/Android/sdk/platform-tools/adb -P 5037 -s emulator-5554 shell am start -W -n com.androidsample.generalstore/com.androidsample.generalstore.SplashActivity -S -a android.intent.action.MAIN -c android.intent.category.LAUNCHER -f 0x10200000'
&amp#27;[38;5;130m[6aafd5f9]&amp#27;[0m&amp#27;[38;5;229m[ADB]&amp#27;[0m Waiting up to 20000ms for activity matching pkg: 'com.androidsample.generalstore' and activity: 'com.androidsample.generalstore.SplashActivity' to be focused
&amp#27;[38;5;130m[6aafd5f9]&amp#27;[0m&amp#27;[38;5;229m[ADB]&amp#27;[0m Possible activities, to be checked: 'com.androidsample.generalstore.SplashActivity', 'com.androidsample.generalstore.com.androidsample.generalstore.SplashActivity'
&amp#27;[38;5;130m[6aafd5f9]&amp#27;[0m&amp#27;[38;5;229m[ADB]&amp#27;[0m Getting focused package and activity
&amp#27;[38;5;130m[6aafd5f9]&amp#27;[0m&amp#27;[38;5;229m[ADB]&amp#27;[0m Running '/Users/cesarchr/Library/Android/sdk/platform-tools/adb -P 5037 -s emulator-5554 shell dumpsys window displays'
&amp#27;[38;5;130m[6aafd5f9]&amp#27;[0m&amp#27;[38;5;229m[ADB]&amp#27;[0m Found package: 'com.androidsample.generalstore' and fully qualified activity name : 'com.androidsample.generalstore.SplashActivity'
&amp#27;[38;5;130m[6aafd5f9]&amp#27;[0m&amp#27;[38;5;96m[AppiumDriver@2a6e]&amp#27;[0m New AndroidUiautomator2Driver session created successfully, session 6aafd5f9-044e-4744-8199-fad513083936 added to master session list
&amp#27;[38;5;130m[6aafd5f9]&amp#27;[0m&amp#27;[38;5;96m[AppiumDriver@2a6e]&amp#27;[0m Event 'newSessionStarted' logged at 1732466529337 (00:42:09 GMT+0800 (Philippine Standard Time))
&amp#27;[38;5;130m[6aafd5f9]&amp#27;[0m&amp#27;[38;5;-60m[AndroidUiautomator2Driver@4575]&amp#27;[0m Cached the protocol value 'W3C' for the new session 6aafd5f9-044e-4744-8199-fad513083936
&amp#27;[38;5;130m[6aafd5f9]&amp#27;[0m&amp#27;[38;5;-60m[AndroidUiautomator2Driver@4575]&amp#27;[0m Responding to client with driver.createSession() result: {"capabilities":{"platformName":"ANDROID","noReset":true,"udid":"emulator-5554","deviceName":"emulator-5554","automationName":"UiAutomator2","app":"/Users/cesarchr/Downloads/General-Store.apk","platformVersion":"15","platform":"LINUX","webStorageEnabled":false,"takesScreenshot":true,"javascriptEnabled":true,"databaseEnabled":false,"networkConnectionEnabled":true,"locationContextEnabled":false,"warnings":{},"desired":{"platformName":"ANDROID","noReset":true,"udid":"emulator-5554","deviceName":"Android Emulator","automationName":"UiAutomator2","app":"/Users/cesarchr/Downloads/General-Store.apk","platformVersion":"15"},"deviceUDID":"emulator-5554","appPackage":"com.androidsample.generalstore","pixelRatio":"2.625","statBarHeight":137,"viewportRect":{"left":0,"top":137,"width":1080,"height":2287},"deviceApiLevel":35,"deviceManufacturer":"Google","deviceModel":"sdk_gphone64_x86_64","deviceScreenSize":"1080x2424","deviceScreenDensity":420}}
&amp#27;[38;5;130m[6aafd5f9]&amp#27;[0m&amp#27;[38;5;86m[HTTP]&amp#27;[0m &amp#27;[37m<-- POST /session &amp#27;[39m&amp#27;[32m200&amp#27;[39m &amp#27;[90m10379 ms - 1008&amp#27;[39m &amp#27;[90m&amp#27;[39m
&amp#27;[38;5;130m[6aafd5f9]&amp#27;[0m&amp#27;[38;5;86m[HTTP]&amp#27;[0m &amp#27;[37m-->&amp#27;[39m &amp#27;[37mPOST&amp#27;[39m &amp#27;[37m/session/6aafd5f9-044e-4744-8199-fad513083936/element&amp#27;[39m &amp#27;[90m{"value":"com.androidsample.generalstore:id/spinnerCountry","using":"id"}&amp#27;[39m
&amp#27;[38;5;130m[6aafd5f9]&amp#27;[0m&amp#27;[38;5;-60m[AndroidUiautomator2Driver@4575]&amp#27;[0m Calling AppiumDriver.findElement() with args: ["id","com.androidsample.generalstore:id/spinnerCountry","6aafd5f9-044e-4744-8199-fad513083936"]
&amp#27;[38;5;130m[6aafd5f9]&amp#27;[0m&amp#27;[38;5;-60m[AndroidUiautomator2Driver@4575]&amp#27;[0m Valid locator strategies for this request: xpath, id, class name, accessibility id, css selector, -android uiautomator
&amp#27;[38;5;130m[6aafd5f9]&amp#27;[0m&amp#27;[38;5;-60m[AndroidUiautomator2Driver@4575]&amp#27;[0m Waiting up to 0 ms for condition
&amp#27;[38;5;130m[6aafd5f9]&amp#27;[0m&amp#27;[38;5;-60m[AndroidUiautomator2Driver@4575]&amp#27;[0m Matched '/element' to command name 'findElement'
&amp#27;[38;5;130m[6aafd5f9]&amp#27;[0m&amp#27;[38;5;-60m[AndroidUiautomator2Driver@4575]&amp#27;[0m Proxying [POST /element] to [POST http://127.0.0.1:8200/session/f939544d-e72e-41e3-b41c-6d8018167148/element] with body: {"strategy":"id","selector":"com.androidsample.generalstore:id/spinnerCountry","context":"","multiple":false}
&amp#27;[38;5;130m[6aafd5f9]&amp#27;[0m&amp#27;[38;5;-60m[AndroidUiautomator2Driver@4575]&amp#27;[0m Got response with status 200: {"sessionId":"f939544d-e72e-41e3-b41c-6d8018167148","value":{"ELEMENT":"00000000-0000-02a3-ffff-ffff0000001a","element-6066-11e4-a52e-4f735466cecf":"00000000-0000-02a3-ffff-ffff0000001a"}}
&amp#27;[38;5;130m[6aafd5f9]&amp#27;[0m&amp#27;[38;5;-60m[AndroidUiautomator2Driver@4575]&amp#27;[0m Responding to client with driver.findElement() result: {"element-6066-11e4-a52e-4f735466cecf":"00000000-0000-02a3-ffff-ffff0000001a","ELEMENT":"00000000-0000-02a3-ffff-ffff0000001a"}
&amp#27;[38;5;130m[6aafd5f9]&amp#27;[0m&amp#27;[38;5;86m[HTTP]&amp#27;[0m &amp#27;[37m<-- POST /session/6aafd5f9-044e-4744-8199-fad513083936/element &amp#27;[39m&amp#27;[32m200&amp#27;[39m &amp#27;[90m74 ms - 137&amp#27;[39m &amp#27;[90m&amp#27;[39m
&amp#27;[38;5;130m[6aafd5f9]&amp#27;[0m&amp#27;[38;5;86m[HTTP]&amp#27;[0m &amp#27;[37m-->&amp#27;[39m &amp#27;[37mPOST&amp#27;[39m &amp#27;[37m/session/6aafd5f9-044e-4744-8199-fad513083936/element/00000000-0000-02a3-ffff-ffff0000001a/click&amp#27;[39m &amp#27;[90m{"id":"00000000-0000-02a3-ffff-ffff0000001a"}&amp#27;[39m
&amp#27;[38;5;130m[6aafd5f9]&amp#27;[0m&amp#27;[38;5;-60m[AndroidUiautomator2Driver@4575]&amp#27;[0m Calling AppiumDriver.click() with args: ["00000000-0000-02a3-ffff-ffff0000001a","6aafd5f9-044e-4744-8199-fad513083936"]
&amp#27;[38;5;130m[6aafd5f9]&amp#27;[0m&amp#27;[38;5;-60m[AndroidUiautomator2Driver@4575]&amp#27;[0m Matched '/element/00000000-0000-02a3-ffff-ffff0000001a/click' to command name 'click'
&amp#27;[38;5;130m[6aafd5f9]&amp#27;[0m&amp#27;[38;5;-60m[AndroidUiautomator2Driver@4575]&amp#27;[0m Proxying [POST /element/00000000-0000-02a3-ffff-ffff0000001a/click] to [POST http://127.0.0.1:8200/session/f939544d-e72e-41e3-b41c-6d8018167148/element/00000000-0000-02a3-ffff-ffff0000001a/click] with body: {"element":"00000000-0000-02a3-ffff-ffff0000001a"}
&amp#27;[38;5;130m[6aafd5f9]&amp#27;[0m&amp#27;[38;5;-60m[AndroidUiautomator2Driver@4575]&amp#27;[0m Got response with status 200: {"sessionId":"f939544d-e72e-41e3-b41c-6d8018167148","value":null}
&amp#27;[38;5;130m[6aafd5f9]&amp#27;[0m&amp#27;[38;5;-60m[AndroidUiautomator2Driver@4575]&amp#27;[0m Responding to client with driver.click() result: null
&amp#27;[38;5;130m[6aafd5f9]&amp#27;[0m&amp#27;[38;5;86m[HTTP]&amp#27;[0m &amp#27;[37m<-- POST /session/6aafd5f9-044e-4744-8199-fad513083936/element/00000000-0000-02a3-ffff-ffff0000001a/click &amp#27;[39m&amp#27;[32m200&amp#27;[39m &amp#27;[90m86 ms - 14&amp#27;[39m &amp#27;[90m&amp#27;[39m
&amp#27;[38;5;130m[6aafd5f9]&amp#27;[0m&amp#27;[38;5;86m[HTTP]&amp#27;[0m &amp#27;[37m-->&amp#27;[39m &amp#27;[37mPOST&amp#27;[39m &amp#27;[37m/session/6aafd5f9-044e-4744-8199-fad513083936/element&amp#27;[39m &amp#27;[90m{"value":"new UiScrollable(new UiSelector().scrollable(true)).scrollIntoView(new UiSelector().textContains(\"France\"))","using":"-android uiautomator"}&amp#27;[39m
&amp#27;[38;5;130m[6aafd5f9]&amp#27;[0m&amp#27;[38;5;-60m[AndroidUiautomator2Driver@4575]&amp#27;[0m Calling AppiumDriver.findElement() with args: ["-android uiautomator","new UiScrollable(new UiSelector().scrollable(true)).scrollIntoView(new UiSelector().textContains(\"France\"))","6aafd5f9-044e-4744-8199-fad513083936"]
&amp#27;[38;5;130m[6aafd5f9]&amp#27;[0m&amp#27;[38;5;-60m[AndroidUiautomator2Driver@4575]&amp#27;[0m Valid locator strategies for this request: xpath, id, class name, accessibility id, css selector, -android uiautomator
&amp#27;[38;5;130m[6aafd5f9]&amp#27;[0m&amp#27;[38;5;-60m[AndroidUiautomator2Driver@4575]&amp#27;[0m Waiting up to 0 ms for condition
&amp#27;[38;5;130m[6aafd5f9]&amp#27;[0m&amp#27;[38;5;-60m[AndroidUiautomator2Driver@4575]&amp#27;[0m Matched '/element' to command name 'findElement'
&amp#27;[38;5;130m[6aafd5f9]&amp#27;[0m&amp#27;[38;5;-60m[AndroidUiautomator2Driver@4575]&amp#27;[0m Proxying [POST /element] to [POST http://127.0.0.1:8200/session/f939544d-e72e-41e3-b41c-6d8018167148/element] with body: {"strategy":"-android uiautomator","selector":"new UiScrollable(new UiSelector().scrollable(true)).scrollIntoView(new UiSelector().textContains(\"France\"))","context":"","multiple":false}
&amp#27;[38;5;130m[6aafd5f9]&amp#27;[0m&amp#27;[38;5;-60m[AndroidUiautomator2Driver@4575]&amp#27;[0m Got response with status 200: {"sessionId":"f939544d-e72e-41e3-b41c-6d8018167148","value":{"ELEMENT":"00000000-0000-02a4-ffff-ffff00000030","element-6066-11e4-a52e-4f735466cecf":"00000000-0000-02a4-ffff-ffff00000030"}}
&amp#27;[38;5;130m[6aafd5f9]&amp#27;[0m&amp#27;[38;5;-60m[AndroidUiautomator2Driver@4575]&amp#27;[0m Responding to client with driver.findElement() result: {"element-6066-11e4-a52e-4f735466cecf":"00000000-0000-02a4-ffff-ffff00000030","ELEMENT":"00000000-0000-02a4-ffff-ffff00000030"}
&amp#27;[38;5;130m[6aafd5f9]&amp#27;[0m&amp#27;[38;5;86m[HTTP]&amp#27;[0m &amp#27;[37m<-- POST /session/6aafd5f9-044e-4744-8199-fad513083936/element &amp#27;[39m&amp#27;[32m200&amp#27;[39m &amp#27;[90m17602 ms - 137&amp#27;[39m &amp#27;[90m&amp#27;[39m
&amp#27;[38;5;130m[6aafd5f9]&amp#27;[0m&amp#27;[38;5;86m[HTTP]&amp#27;[0m &amp#27;[37m-->&amp#27;[39m &amp#27;[37mPOST&amp#27;[39m &amp#27;[37m/session/6aafd5f9-044e-4744-8199-fad513083936/element&amp#27;[39m &amp#27;[90m{"value":"//android.widget.TextView[@resource-id=\"android:id/text1\" and @text=\"France\"]","using":"xpath"}&amp#27;[39m
&amp#27;[38;5;130m[6aafd5f9]&amp#27;[0m&amp#27;[38;5;-60m[AndroidUiautomator2Driver@4575]&amp#27;[0m Calling AppiumDriver.findElement() with args: ["xpath","//android.widget.TextView[@resource-id=\"android:id/text1\" and @text=\"France\"]","6aafd5f9-044e-4744-8199-fad513083936"]
&amp#27;[38;5;130m[6aafd5f9]&amp#27;[0m&amp#27;[38;5;-60m[AndroidUiautomator2Driver@4575]&amp#27;[0m Valid locator strategies for this request: xpath, id, class name, accessibility id, css selector, -android uiautomator
&amp#27;[38;5;130m[6aafd5f9]&amp#27;[0m&amp#27;[38;5;-60m[AndroidUiautomator2Driver@4575]&amp#27;[0m Waiting up to 0 ms for condition
&amp#27;[38;5;130m[6aafd5f9]&amp#27;[0m&amp#27;[38;5;-60m[AndroidUiautomator2Driver@4575]&amp#27;[0m Matched '/element' to command name 'findElement'
&amp#27;[38;5;130m[6aafd5f9]&amp#27;[0m&amp#27;[38;5;-60m[AndroidUiautomator2Driver@4575]&amp#27;[0m Proxying [POST /element] to [POST http://127.0.0.1:8200/session/f939544d-e72e-41e3-b41c-6d8018167148/element] with body: {"strategy":"xpath","selector":"//android.widget.TextView[@resource-id=\"android:id/text1\" and @text=\"France\"]","context":"","multiple":false}
&amp#27;[38;5;130m[6aafd5f9]&amp#27;[0m&amp#27;[38;5;-60m[AndroidUiautomator2Driver@4575]&amp#27;[0m Got response with status 200: {"sessionId":"f939544d-e72e-41e3-b41c-6d8018167148","value":{"ELEMENT":"00000000-0000-02a4-ffff-ffff00000030","element-6066-11e4-a52e-4f735466cecf":"00000000-0000-02a4-ffff-ffff00000030"}}
&amp#27;[38;5;130m[6aafd5f9]&amp#27;[0m&amp#27;[38;5;-60m[AndroidUiautomator2Driver@4575]&amp#27;[0m Responding to client with driver.findElement() result: {"element-6066-11e4-a52e-4f735466cecf":"00000000-0000-02a4-ffff-ffff00000030","ELEMENT":"00000000-0000-02a4-ffff-ffff00000030"}
&amp#27;[38;5;130m[6aafd5f9]&amp#27;[0m&amp#27;[38;5;86m[HTTP]&amp#27;[0m &amp#27;[37m<-- POST /session/6aafd5f9-044e-4744-8199-fad513083936/element &amp#27;[39m&amp#27;[32m200&amp#27;[39m &amp#27;[90m433 ms - 137&amp#27;[39m &amp#27;[90m&amp#27;[39m
&amp#27;[38;5;130m[6aafd5f9]&amp#27;[0m&amp#27;[38;5;86m[HTTP]&amp#27;[0m &amp#27;[37m-->&amp#27;[39m &amp#27;[37mPOST&amp#27;[39m &amp#27;[37m/session/6aafd5f9-044e-4744-8199-fad513083936/element/00000000-0000-02a4-ffff-ffff00000030/click&amp#27;[39m &amp#27;[90m{"id":"00000000-0000-02a4-ffff-ffff00000030"}&amp#27;[39m
&amp#27;[38;5;130m[6aafd5f9]&amp#27;[0m&amp#27;[38;5;-60m[AndroidUiautomator2Driver@4575]&amp#27;[0m Calling AppiumDriver.click() with args: ["00000000-0000-02a4-ffff-ffff00000030","6aafd5f9-044e-4744-8199-fad513083936"]
&amp#27;[38;5;130m[6aafd5f9]&amp#27;[0m&amp#27;[38;5;-60m[AndroidUiautomator2Driver@4575]&amp#27;[0m Matched '/element/00000000-0000-02a4-ffff-ffff00000030/click' to command name 'click'
&amp#27;[38;5;130m[6aafd5f9]&amp#27;[0m&amp#27;[38;5;-60m[AndroidUiautomator2Driver@4575]&amp#27;[0m Proxying [POST /element/00000000-0000-02a4-ffff-ffff00000030/click] to [POST http://127.0.0.1:8200/session/f939544d-e72e-41e3-b41c-6d8018167148/element/00000000-0000-02a4-ffff-ffff00000030/click] with body: {"element":"00000000-0000-02a4-ffff-ffff00000030"}
&amp#27;[38;5;130m[6aafd5f9]&amp#27;[0m&amp#27;[38;5;-60m[AndroidUiautomator2Driver@4575]&amp#27;[0m Got response with status 200: {"sessionId":"f939544d-e72e-41e3-b41c-6d8018167148","value":null}
&amp#27;[38;5;130m[6aafd5f9]&amp#27;[0m&amp#27;[38;5;-60m[AndroidUiautomator2Driver@4575]&amp#27;[0m Responding to client with driver.click() result: null
&amp#27;[38;5;130m[6aafd5f9]&amp#27;[0m&amp#27;[38;5;86m[HTTP]&amp#27;[0m &amp#27;[37m<-- POST /session/6aafd5f9-044e-4744-8199-fad513083936/element/00000000-0000-02a4-ffff-ffff00000030/click &amp#27;[39m&amp#27;[32m200&amp#27;[39m &amp#27;[90m791 ms - 14&amp#27;[39m &amp#27;[90m&amp#27;[39m
Country selection test completed successfully
]]></system-out>
    <system-err><![CDATA[SLF4J(W): No SLF4J providers were found.
SLF4J(W): Defaulting to no-operation (NOP) logger implementation
SLF4J(W): See https://www.slf4j.org/codes.html#noProviders for further details.
]]></system-err>
  </testcase>
</testsuite>